
============================================================
Step 10 started at 2026-04-06 14:06:08
============================================================

Loading data...
  Train: (6076546, 31), Test: (2028750, 30)
  Features (v3 base, 26): 26

Loading v3/v4 baseline predictions...
  LGB v3 OOF:       0.6322
  XGB v3 OOF:       0.6379
  CB  v4 OOF:       0.6175
  Ensemble v4 OOF:  0.6408  weights=(np.float64(0.35), np.float64(0.65), np.float64(-0.0))
  Ensemble v4 M1-5: 0.6492

Sample weight stats:
  total_count=1  → weight 0.693  (25.2% of samples)
  total_count=10 → weight 2.398
  total_count=50 → weight 3.932
  mean=1.797  max=7.421

=== LGB v7: Optuna v3 + log1p sample weighting (5-Fold) ===

[2000]	valid_0's l2: 0.0817222
[4000]	valid_0's l2: 0.079435
[6000]	valid_0's l2: 0.0784188
[8000]	valid_0's l2: 0.0778252
[10000]	valid_0's l2: 0.0774356
  Fold 0: Spearman=0.6350, best_iter=9997 (ran to limit), elapsed=6.7min
[2000]	valid_0's l2: 0.0820213
[4000]	valid_0's l2: 0.0796438
[6000]	valid_0's l2: 0.0786428
[8000]	valid_0's l2: 0.0780298
[10000]	valid_0's l2: 0.077647
  Fold 1: Spearman=0.6332, best_iter=9998 (ran to limit), elapsed=13.3min
[2000]	valid_0's l2: 0.0816605
[4000]	valid_0's l2: 0.0795569
[6000]	valid_0's l2: 0.0786008
[8000]	valid_0's l2: 0.078025
[10000]	valid_0's l2: 0.0776308
  Fold 2: Spearman=0.6331, best_iter=9999 (ran to limit), elapsed=20.6min
[2000]	valid_0's l2: 0.0817558
[4000]	valid_0's l2: 0.0794612
[6000]	valid_0's l2: 0.0784425
[8000]	valid_0's l2: 0.0779081
[10000]	valid_0's l2: 0.0775225
  Fold 3: Spearman=0.6337, best_iter=9998 (ran to limit), elapsed=28.1min
[2000]	valid_0's l2: 0.0817165
[4000]	valid_0's l2: 0.079514
[6000]	valid_0's l2: 0.0785305
[8000]	valid_0's l2: 0.0778803
[10000]	valid_0's l2: 0.0775033
  Fold 4: Spearman=0.6332, best_iter=9999 (ran to limit), elapsed=34.6min

LGB v7 OOF Spearman:  0.6336  (v3: 0.6322, delta: +0.0015)
LGB v7 M1-5 Spearman: 0.6428  (v3: 0.6413, delta: +0.0016)
Best iters: [9997, 9998, 9999, 9998, 9999]
LGB v7 total time: 34.7 min

=== XGB v7: Optuna v3 + log1p sample weighting (5-Fold, GPU) ===

[0]	validation_0-rmse:0.37102
[2000]	validation_0-rmse:0.28032
[4000]	validation_0-rmse:0.27754
[6000]	validation_0-rmse:0.27673
[7623]	validation_0-rmse:0.27657
  Fold 0: Spearman=0.6411, best_iter=7473, elapsed=1.9min
[0]	validation_0-rmse:0.37085
[2000]	validation_0-rmse:0.28046
[4000]	validation_0-rmse:0.27775
[6000]	validation_0-rmse:0.27698
[7229]	validation_0-rmse:0.27685
  Fold 1: Spearman=0.6398, best_iter=7079, elapsed=3.8min
[0]	validation_0-rmse:0.37068
[2000]	validation_0-rmse:0.28038
[4000]	validation_0-rmse:0.27761
[6000]	validation_0-rmse:0.27677
[8000]	validation_0-rmse:0.27662
[8075]	validation_0-rmse:0.27662
  Fold 2: Spearman=0.6404, best_iter=7925, elapsed=5.8min
[0]	validation_0-rmse:0.37077
[2000]	validation_0-rmse:0.28051
[4000]	validation_0-rmse:0.27782
[6000]	validation_0-rmse:0.27705
[8000]	validation_0-rmse:0.27689
[8191]	validation_0-rmse:0.27689
  Fold 3: Spearman=0.6397, best_iter=8041, elapsed=7.9min
[0]	validation_0-rmse:0.37045
[2000]	validation_0-rmse:0.28003
[4000]	validation_0-rmse:0.27727
[6000]	validation_0-rmse:0.27645
[7290]	validation_0-rmse:0.27632
  Fold 4: Spearman=0.6406, best_iter=7140, elapsed=9.7min

XGB v7 OOF Spearman:  0.6403  (v3: 0.6379, delta: +0.0024)
XGB v7 M1-5 Spearman: 0.6482  (v3: 0.6458, delta: +0.0025)
Best iters: [7473, 7079, 7925, 8041, 7140]
XGB v7 total time: 9.8 min

Saved: lgb/xgb _oof/test_v7.npy

=== Inter-Model Correlations ===
  LGB-XGB: 0.9647  (v4: 0.9652)
  LGB-CB:  0.9657  (v4: 0.9661)
  XGB-CB:  0.9563  (v4: 0.9615)

=== Ensemble v7 Results ===
  Best weights: LGB=0.35, XGB=0.65, CB=-0.0
  Ensemble v7 OOF:  0.6429  (v4: 0.6408, delta: +0.0021)
  Ensemble v7 M1-5: 0.6515  (v4: 0.6492, delta: +0.0022)
