
============================================================
Step 4b started at 2026-04-05 15:34:39
============================================================

Loading data...

============================================================
Step 4b started at 2026-04-05 15:42:26
============================================================

Loading data...

============================================================
Step 4b started at 2026-04-05 15:43:25
============================================================

Loading data...
  Train: (6076546, 31), Test: (2028750, 30)
  Numeric features: 26

Loading v3 predictions...
  LGB v3 OOF: 0.6322
  XGB v3 OOF: 0.6379
  Ensemble v3 OOF: 0.6408

=== CatBoost v4 Full Retrain (5-Fold, 27 features, GPU) ===
Estimated time: ~1.5-2.5h

0:	learn: 0.3627928	test: 0.3630393	best: 0.3630393 (0)	total: 437ms	remaining: 58m 12s
500:	learn: 0.3062196	test: 0.3066692	best: 0.3066692 (500)	total: 24.5s	remaining: 6m 6s
1000:	learn: 0.2977592	test: 0.2986207	best: 0.2986207 (1000)	total: 48.8s	remaining: 5m 40s
1500:	learn: 0.2930315	test: 0.2944168	best: 0.2944168 (1500)	total: 1m 13s	remaining: 5m 17s
2000:	learn: 0.2897001	test: 0.2916791	best: 0.2916791 (2000)	total: 1m 37s	remaining: 4m 52s
2500:	learn: 0.2871386	test: 0.2898302	best: 0.2898302 (2500)	total: 2m 1s	remaining: 4m 27s
3000:	learn: 0.2849459	test: 0.2884449	best: 0.2884449 (3000)	total: 2m 25s	remaining: 4m 3s
3500:	learn: 0.2830383	test: 0.2873340	best: 0.2873340 (3500)	total: 2m 50s	remaining: 3m 38s
4000:	learn: 0.2813577	test: 0.2865381	best: 0.2865381 (4000)	total: 3m 14s	remaining: 3m 14s
4500:	learn: 0.2798011	test: 0.2858446	best: 0.2858446 (4500)	total: 3m 39s	remaining: 2m 50s
5000:	learn: 0.2783446	test: 0.2852518	best: 0.2852518 (5000)	total: 4m 4s	remaining: 2m 26s
5500:	learn: 0.2769553	test: 0.2848180	best: 0.2848179 (5499)	total: 4m 28s	remaining: 2m 2s
6000:	learn: 0.2756799	test: 0.2844169	best: 0.2844168 (5999)	total: 4m 53s	remaining: 1m 37s
6500:	learn: 0.2744785	test: 0.2840929	best: 0.2840925 (6499)	total: 5m 17s	remaining: 1m 13s
7000:	learn: 0.2732991	test: 0.2838437	best: 0.2838437 (7000)	total: 5m 42s	remaining: 48.9s
7500:	learn: 0.2721704	test: 0.2836076	best: 0.2836076 (7500)	total: 6m 6s	remaining: 24.4s
7999:	learn: 0.2710935	test: 0.2833928	best: 0.2833928 (7999)	total: 6m 31s	remaining: 0us
bestTest = 0.2833927775
bestIteration = 7999
  Fold 0: Spearman=0.6182, best_iter=7999, elapsed=6.8min
0:	learn: 0.3628351	test: 0.3628797	best: 0.3628797 (0)	total: 51.7ms	remaining: 6m 53s
500:	learn: 0.3057686	test: 0.3061750	best: 0.3061750 (500)	total: 24.4s	remaining: 6m 4s
1000:	learn: 0.2976453	test: 0.2985149	best: 0.2985149 (1000)	total: 48.8s	remaining: 5m 41s
1500:	learn: 0.2928360	test: 0.2942410	best: 0.2942410 (1500)	total: 1m 12s	remaining: 5m 15s
2000:	learn: 0.2895314	test: 0.2916156	best: 0.2916156 (2000)	total: 1m 36s	remaining: 4m 49s
2500:	learn: 0.2869359	test: 0.2897561	best: 0.2897561 (2500)	total: 2m	remaining: 4m 25s
3000:	learn: 0.2847612	test: 0.2883777	best: 0.2883777 (2999)	total: 2m 25s	remaining: 4m 2s
3500:	learn: 0.2828880	test: 0.2873758	best: 0.2873758 (3500)	total: 2m 49s	remaining: 3m 38s
4000:	learn: 0.2812161	test: 0.2865800	best: 0.2865800 (4000)	total: 3m 14s	remaining: 3m 14s
4500:	learn: 0.2796609	test: 0.2859351	best: 0.2859351 (4499)	total: 3m 38s	remaining: 2m 50s
5000:	learn: 0.2782012	test: 0.2853950	best: 0.2853950 (5000)	total: 4m 3s	remaining: 2m 25s
5500:	learn: 0.2768352	test: 0.2849772	best: 0.2849772 (5500)	total: 4m 27s	remaining: 2m 1s
6000:	learn: 0.2755410	test: 0.2845656	best: 0.2845656 (6000)	total: 4m 52s	remaining: 1m 37s
6500:	learn: 0.2743160	test: 0.2842810	best: 0.2842810 (6500)	total: 5m 16s	remaining: 1m 12s
7000:	learn: 0.2731548	test: 0.2839964	best: 0.2839959 (6999)	total: 5m 41s	remaining: 48.7s
7500:	learn: 0.2720274	test: 0.2837480	best: 0.2837480 (7500)	total: 6m 5s	remaining: 24.3s
7999:	learn: 0.2709403	test: 0.2835362	best: 0.2835362 (7999)	total: 6m 30s	remaining: 0us
bestTest = 0.2835361623
bestIteration = 7999
  Fold 1: Spearman=0.6175, best_iter=7999, elapsed=13.5min
0:	learn: 0.3628583	test: 0.3627768	best: 0.3627768 (0)	total: 51.3ms	remaining: 6m 50s
500:	learn: 0.3061103	test: 0.3064856	best: 0.3064856 (500)	total: 24.1s	remaining: 6m
1000:	learn: 0.2976396	test: 0.2984361	best: 0.2984361 (1000)	total: 48.6s	remaining: 5m 39s
1500:	learn: 0.2928799	test: 0.2942321	best: 0.2942321 (1500)	total: 1m 13s	remaining: 5m 16s
2000:	learn: 0.2895513	test: 0.2915948	best: 0.2915948 (2000)	total: 1m 37s	remaining: 4m 52s
2500:	learn: 0.2869306	test: 0.2897051	best: 0.2897051 (2500)	total: 2m 1s	remaining: 4m 28s
3000:	learn: 0.2847371	test: 0.2882714	best: 0.2882714 (3000)	total: 2m 26s	remaining: 4m 3s
3500:	learn: 0.2828166	test: 0.2872246	best: 0.2872246 (3500)	total: 2m 50s	remaining: 3m 39s
4000:	learn: 0.2811140	test: 0.2864358	best: 0.2864358 (4000)	total: 3m 15s	remaining: 3m 15s
4500:	learn: 0.2795632	test: 0.2857835	best: 0.2857835 (4500)	total: 3m 40s	remaining: 2m 51s
5000:	learn: 0.2780898	test: 0.2852364	best: 0.2852360 (4999)	total: 4m 4s	remaining: 2m 26s
5500:	learn: 0.2767313	test: 0.2847692	best: 0.2847692 (5500)	total: 4m 29s	remaining: 2m 2s
6000:	learn: 0.2754683	test: 0.2843836	best: 0.2843836 (6000)	total: 4m 53s	remaining: 1m 37s
6500:	learn: 0.2742345	test: 0.2840677	best: 0.2840677 (6500)	total: 5m 18s	remaining: 1m 13s
7000:	learn: 0.2730610	test: 0.2837860	best: 0.2837860 (7000)	total: 5m 43s	remaining: 49s
7500:	learn: 0.2719129	test: 0.2835379	best: 0.2835375 (7499)	total: 6m 7s	remaining: 24.5s
7999:	learn: 0.2708297	test: 0.2833072	best: 0.2833072 (7999)	total: 6m 32s	remaining: 0us
bestTest = 0.2833072387
bestIteration = 7999
  Fold 2: Spearman=0.6179, best_iter=7999, elapsed=20.2min
0:	learn: 0.3628362	test: 0.3628583	best: 0.3628583 (0)	total: 50.1ms	remaining: 6m 41s
500:	learn: 0.3058997	test: 0.3064778	best: 0.3064778 (500)	total: 23.9s	remaining: 5m 58s
1000:	learn: 0.2976258	test: 0.2986680	best: 0.2986680 (1000)	total: 47.7s	remaining: 5m 33s
1500:	learn: 0.2930100	test: 0.2946005	best: 0.2946005 (1500)	total: 1m 11s	remaining: 5m 9s
2000:	learn: 0.2896690	test: 0.2918958	best: 0.2918958 (2000)	total: 1m 35s	remaining: 4m 45s
2500:	learn: 0.2871078	test: 0.2900615	best: 0.2900615 (2500)	total: 1m 59s	remaining: 4m 23s
3000:	learn: 0.2849487	test: 0.2887050	best: 0.2887050 (3000)	total: 2m 24s	remaining: 4m
3500:	learn: 0.2830631	test: 0.2876492	best: 0.2876492 (3500)	total: 2m 49s	remaining: 3m 37s
4000:	learn: 0.2813714	test: 0.2868642	best: 0.2868642 (4000)	total: 3m 13s	remaining: 3m 13s
4500:	learn: 0.2798101	test: 0.2862464	best: 0.2862464 (4500)	total: 3m 38s	remaining: 2m 49s
5000:	learn: 0.2783787	test: 0.2857079	best: 0.2857078 (4999)	total: 4m 2s	remaining: 2m 25s
5500:	learn: 0.2770405	test: 0.2852317	best: 0.2852317 (5500)	total: 4m 27s	remaining: 2m 1s
6000:	learn: 0.2757368	test: 0.2848729	best: 0.2848728 (5999)	total: 4m 52s	remaining: 1m 37s
6500:	learn: 0.2745178	test: 0.2845559	best: 0.2845559 (6500)	total: 5m 16s	remaining: 1m 13s
7000:	learn: 0.2733331	test: 0.2842819	best: 0.2842819 (7000)	total: 5m 41s	remaining: 48.7s
7500:	learn: 0.2721943	test: 0.2840484	best: 0.2840484 (7500)	total: 6m 6s	remaining: 24.4s
7999:	learn: 0.2710819	test: 0.2838266	best: 0.2838266 (7999)	total: 6m 30s	remaining: 0us
bestTest = 0.2838265926
bestIteration = 7999
  Fold 3: Spearman=0.6163, best_iter=7999, elapsed=27.0min
0:	learn: 0.3628868	test: 0.3626561	best: 0.3626561 (0)	total: 50.8ms	remaining: 6m 46s
500:	learn: 0.3059674	test: 0.3062978	best: 0.3062978 (500)	total: 24.2s	remaining: 6m 2s
1000:	learn: 0.2976442	test: 0.2983807	best: 0.2983807 (1000)	total: 48.8s	remaining: 5m 41s
1500:	learn: 0.2929591	test: 0.2941871	best: 0.2941871 (1500)	total: 1m 13s	remaining: 5m 17s
2000:	learn: 0.2896819	test: 0.2914750	best: 0.2914750 (2000)	total: 1m 37s	remaining: 4m 52s
2500:	learn: 0.2871233	test: 0.2896583	best: 0.2896583 (2500)	total: 2m 1s	remaining: 4m 27s
3000:	learn: 0.2848967	test: 0.2882280	best: 0.2882280 (3000)	total: 2m 26s	remaining: 4m 3s
3500:	learn: 0.2830211	test: 0.2871884	best: 0.2871884 (3500)	total: 2m 50s	remaining: 3m 39s
4000:	learn: 0.2813116	test: 0.2863241	best: 0.2863241 (4000)	total: 3m 15s	remaining: 3m 15s
4500:	learn: 0.2797585	test: 0.2856782	best: 0.2856782 (4500)	total: 3m 39s	remaining: 2m 50s
5000:	learn: 0.2783147	test: 0.2851691	best: 0.2851691 (5000)	total: 4m 3s	remaining: 2m 26s
5500:	learn: 0.2769483	test: 0.2846698	best: 0.2846694 (5499)	total: 4m 28s	remaining: 2m 1s
6000:	learn: 0.2756355	test: 0.2842947	best: 0.2842947 (6000)	total: 4m 52s	remaining: 1m 37s
6500:	learn: 0.2744043	test: 0.2839734	best: 0.2839719 (6496)	total: 5m 16s	remaining: 1m 12s
7000:	learn: 0.2732375	test: 0.2836764	best: 0.2836764 (7000)	total: 5m 41s	remaining: 48.7s
7500:	learn: 0.2721000	test: 0.2834468	best: 0.2834468 (7500)	total: 6m 5s	remaining: 24.3s
7999:	learn: 0.2710114	test: 0.2832229	best: 0.2832228 (7998)	total: 6m 30s	remaining: 0us
bestTest = 0.2832228399
bestIteration = 7998
Shrink model to first 7999 iterations.
  Fold 4: Spearman=0.6175, best_iter=7998, elapsed=33.7min

CatBoost v4 OOF Spearman: 0.6175  (untuned CB: 0.5728)
Fold scores: ['0.6182', '0.6175', '0.6179', '0.6163', '0.6175']
Time: 33.7 min

=== Inter-Model Correlations ===
  LGB-XGB:    0.9652
  LGB-CB v4:  0.9661
  XGB-CB v4:  0.9615

=== Ensemble v4 Results ===
  2-model (LGB+XGB):    Spearman=0.6408
  3-model (LGB+XGB+CB): Spearman=0.6408  (LGB=0.35, XGB=0.65, CB=-0.00)
  CB v4 ensemble benefit: +0.0000
  vs Ensemble v3 (0.6408): +0.0000

=== Pre-Submission Validation ===
  CB v4 OOF          0.6175               PASS
  Ensemble v4        0.6408               PASS
  NaN count          0                    PASS
  Row count          2028750              PASS

Saved: submissions/ensemble_v4.csv

Step 4b finished at 2026-04-05 16:32:51
